#
# There is insufficient memory for the Java Runtime Environment to continue.
# Cannot create GC thread. Out of system resources.
# Possible reasons:
#   The system is out of physical RAM or swap space
#   In 32 bit mode, the process size limit was hit
# Possible solutions:
#   Reduce memory load on the system
#   Increase physical memory or swap space
#   Check if swap backing store is full
#   Use 64 bit Java on a 64 bit OS
#   Decrease Java heap size (-Xmx/-Xms)
#   Decrease number of Java threads
#   Decrease Java thread stack sizes (-Xss)
#   Set larger code cache with -XX:ReservedCodeCacheSize=
# This output file may be truncated or incomplete.
#
#  Out of Memory Error (gcTaskThread.cpp:48), pid=11274, tid=1106221376
#
# JRE version:  (8.0_31-b13) (build )
# Java VM: Java HotSpot(TM) 64-Bit Server VM (25.31-b07 mixed mode linux-amd64 compressed oops)
# Failed to write core dump. Core dumps have been disabled. To enable core dumping, try "ulimit -c unlimited" before starting Java again
#

---------------  T H R E A D  ---------------

Current thread (0x000000000a29b000):  JavaThread "Unknown thread" [_thread_in_vm, id=11276, stack(0x0000000041df9000,0x0000000041efa000)]

Stack: [0x0000000041df9000,0x0000000041efa000],  sp=0x0000000041ef8900,  free space=1022k
Native frames: (J=compiled Java code, j=interpreted, Vv=VM code, C=native code)
V  [libjvm.so+0xa79e0a]  VMError::report_and_die()+0x2ca
V  [libjvm.so+0x4e57bb]  report_vm_out_of_memory(char const*, int, unsigned long, VMErrorType, char const*)+0x8b
V  [libjvm.so+0x5b038f]  GCTaskThread::GCTaskThread(GCTaskManager*, unsigned int, unsigned int)+0x11f
V  [libjvm.so+0x5af8f8]  GCTaskManager::initialize()+0x2c8
V  [libjvm.so+0x90783b]  ParallelScavengeHeap::initialize()+0x32b
V  [libjvm.so+0xa45d4d]  Universe::initialize_heap()+0xfd
V  [libjvm.so+0xa4616f]  universe_init()+0x3f
V  [libjvm.so+0x6128d5]  init_globals()+0x65
V  [libjvm.so+0xa2bdbd]  Threads::create_vm(JavaVMInitArgs*, bool*)+0x24d
V  [libjvm.so+0x6a9b34]  JNI_CreateJavaVM+0x74
C  [libjli.so+0x736e]  JavaMain+0x9e
C  [libpthread.so.0+0x677d]


---------------  P R O C E S S  ---------------

Java Threads: ( => current thread )

Other Threads:

=>0x000000000a29b000 (exited) JavaThread "Unknown thread" [_thread_in_vm, id=11276, stack(0x0000000041df9000,0x0000000041efa000)]

VM state:not at safepoint (not fully initialized)

VM Mutex/Monitor currently owned by a thread: None

GC Heap History (0 events):
No events

Deoptimization events (0 events):
No events

Internal exceptions (0 events):
No events

Events (0 events):
No events


Dynamic libraries:
00400000-00401000 r-xp 00000000 00:18 4865201                            /util/java/jdk1.8.0_31/bin/java
00600000-00601000 rw-p 00000000 00:18 4865201                            /util/java/jdk1.8.0_31/bin/java
0a291000-0a2f4000 rw-p 0a291000 00:00 0                                  [heap]
40c01000-40c02000 ---p 40c01000 00:00 0 
40c02000-40d02000 rw-p 40c02000 00:00 0 
41296000-41297000 ---p 41296000 00:00 0 
41297000-41397000 rw-p 41297000 00:00 0 
41397000-41398000 ---p 41397000 00:00 0 
41398000-41498000 rw-p 41398000 00:00 0 
41498000-41499000 ---p 41498000 00:00 0 
41499000-41599000 rw-p 41499000 00:00 0 
41df9000-41dfc000 ---p 41df9000 00:00 0 
41dfc000-41efa000 rw-p 41dfc000 00:00 0 
41fbf000-41fc0000 ---p 41fbf000 00:00 0 
41fc0000-420c0000 rw-p 41fc0000 00:00 0 
420c0000-420c1000 ---p 420c0000 00:00 0 
420c1000-421c1000 rw-p 420c1000 00:00 0 
421c1000-421c2000 ---p 421c1000 00:00 0 
421c2000-422c2000 rw-p 421c2000 00:00 0 
422c2000-422c3000 ---p 422c2000 00:00 0 
422c3000-423c3000 rw-p 422c3000 00:00 0 
423c3000-423c4000 ---p 423c3000 00:00 0 
423c4000-424c4000 rw-p 423c4000 00:00 0 
424c4000-424c5000 ---p 424c4000 00:00 0 
424c5000-425c5000 rw-p 424c5000 00:00 0 
425c5000-425c6000 ---p 425c5000 00:00 0 
425c6000-426c6000 rw-p 425c6000 00:00 0 
426c6000-426c7000 ---p 426c6000 00:00 0 
426c7000-427c7000 rw-p 426c7000 00:00 0 
427c7000-427c8000 ---p 427c7000 00:00 0 
427c8000-428c8000 rw-p 427c8000 00:00 0 
428c8000-428c9000 ---p 428c8000 00:00 0 
428c9000-429c9000 rw-p 428c9000 00:00 0 
3d1600000-3fb600000 rw-p 3d1600000 00:00 0 
3fb600000-670780000 ---p 3fb600000 00:00 0 
670780000-685780000 rw-p 670780000 00:00 0 
685780000-7c0000000 ---p 685780000 00:00 0 
3c89a00000-3c89a1c000 r-xp 00000000 08:02 224226                         /lib64/ld-2.5.so
3c89c1c000-3c89c1d000 r--p 0001c000 08:02 224226                         /lib64/ld-2.5.so
3c89c1d000-3c89c1e000 rw-p 0001d000 08:02 224226                         /lib64/ld-2.5.so
3c8a200000-3c8a34d000 r-xp 00000000 08:02 224228                         /lib64/libc-2.5.so
3c8a34d000-3c8a54d000 ---p 0014d000 08:02 224228                         /lib64/libc-2.5.so
3c8a54d000-3c8a551000 r--p 0014d000 08:02 224228                         /lib64/libc-2.5.so
3c8a551000-3c8a552000 rw-p 00151000 08:02 224228                         /lib64/libc-2.5.so
3c8a552000-3c8a557000 rw-p 3c8a552000 00:00 0 
3c8a600000-3c8a602000 r-xp 00000000 08:02 224239                         /lib64/libdl-2.5.so
3c8a602000-3c8a802000 ---p 00002000 08:02 224239                         /lib64/libdl-2.5.so
3c8a802000-3c8a803000 r--p 00002000 08:02 224239                         /lib64/libdl-2.5.so
3c8a803000-3c8a804000 rw-p 00003000 08:02 224239                         /lib64/libdl-2.5.so
3c8aa00000-3c8aa82000 r-xp 00000000 08:02 224245                         /lib64/libm-2.5.so
3c8aa82000-3c8ac81000 ---p 00082000 08:02 224245                         /lib64/libm-2.5.so
3c8ac81000-3c8ac82000 r--p 00081000 08:02 224245                         /lib64/libm-2.5.so
3c8ac82000-3c8ac83000 rw-p 00082000 08:02 224245                         /lib64/libm-2.5.so
3c8ae00000-3c8ae16000 r-xp 00000000 08:02 224235                         /lib64/libpthread-2.5.so
3c8ae16000-3c8b015000 ---p 00016000 08:02 224235                         /lib64/libpthread-2.5.so
3c8b015000-3c8b016000 r--p 00015000 08:02 224235                         /lib64/libpthread-2.5.so
3c8b016000-3c8b017000 rw-p 00016000 08:02 224235                         /lib64/libpthread-2.5.so
3c8b017000-3c8b01b000 rw-p 3c8b017000 00:00 0 
3c8e600000-3c8e607000 r-xp 00000000 08:02 224279                         /lib64/librt-2.5.so
3c8e607000-3c8e807000 ---p 00007000 08:02 224279                         /lib64/librt-2.5.so
3c8e807000-3c8e808000 r--p 00007000 08:02 224279                         /lib64/librt-2.5.so
3c8e808000-3c8e809000 rw-p 00008000 08:02 224279                         /lib64/librt-2.5.so
2aaaaaaab000-2aaaaaabb000 rw-p 2aaaaaaab000 00:00 0 
2aaaaaaeb000-2aaaaaaf8000 r-xp 00000000 00:18 8199024                    /util/java/jdk1.8.0_31/jre/lib/amd64/libverify.so
2aaaaaaf8000-2aaaaacf8000 ---p 0000d000 00:18 8199024                    /util/java/jdk1.8.0_31/jre/lib/amd64/libverify.so
2aaaaacf8000-2aaaaacfa000 rw-p 0000d000 00:18 8199024                    /util/java/jdk1.8.0_31/jre/lib/amd64/libverify.so
2aaaaacfa000-2aaaaad24000 r-xp 00000000 00:18 12213959                   /util/java/jdk1.8.0_31/jre/lib/amd64/libjava.so
2aaaaad24000-2aaaaaf24000 ---p 0002a000 00:18 12213959                   /util/java/jdk1.8.0_31/jre/lib/amd64/libjava.so
2aaaaaf24000-2aaaaaf26000 rw-p 0002a000 00:18 12213959                   /util/java/jdk1.8.0_31/jre/lib/amd64/libjava.so
2aaaaaf26000-2aaaaaf27000 r--p 2aaaaaf26000 00:00 0 
2aaaaaf27000-2aaaaaf28000 rw-p 2aaaaaf27000 00:00 0 
2aaaaaf28000-2aaaaaf30000 rw-s 00000000 08:06 1468925                    /tmp/hsperfdata_mjmcguir/11274
2aaaaaf57000-2aaaaaf61000 r-xp 00000000 08:02 224250                     /lib64/libnss_files-2.5.so
2aaaaaf61000-2aaaab160000 ---p 0000a000 08:02 224250                     /lib64/libnss_files-2.5.so
2aaaab160000-2aaaab161000 r--p 00009000 08:02 224250                     /lib64/libnss_files-2.5.so
2aaaab161000-2aaaab162000 rw-p 0000a000 08:02 224250                     /lib64/libnss_files-2.5.so
2aaaab162000-2aaaab17c000 r-xp 00000000 00:18 8199025                    /util/java/jdk1.8.0_31/jre/lib/amd64/libzip.so
2aaaab17c000-2aaaab37c000 ---p 0001a000 00:18 8199025                    /util/java/jdk1.8.0_31/jre/lib/amd64/libzip.so
2aaaab37c000-2aaaab37d000 rw-p 0001a000 00:18 8199025                    /util/java/jdk1.8.0_31/jre/lib/amd64/libzip.so
2aaaab37d000-2aaaab5ed000 rwxp 2aaaab37d000 00:00 0 
2aaaab5ed000-2aaaba37d000 ---p 2aaaab5ed000 00:00 0 
2aaaba37d000-2aaaba387000 rw-p 2aaaba37d000 00:00 0 
2aaaba387000-2aaaba73d000 ---p 2aaaba387000 00:00 0 
2aaaba73d000-2aaaba88d000 rw-p 2aaaba73d000 00:00 0 
2aaaba88d000-2aaabbc35000 ---p 2aaaba88d000 00:00 0 
2aaabbc35000-2aaabbcde000 rw-p 2aaabbc35000 00:00 0 
2aaabbcde000-2aaabc6b2000 ---p 2aaabbcde000 00:00 0 
2aaabc6b2000-2aaabc803000 rw-p 2aaabc6b2000 00:00 0 
2aaabc803000-2aaabdbac000 ---p 2aaabc803000 00:00 0 
2aaabdbac000-2aaabde33000 rw-p 2aaabdbac000 00:00 0 
2b25b6b51000-2b25b6b53000 rw-p 2b25b6b51000 00:00 0 
2b25b6b82000-2b25b6b97000 r-xp 00000000 00:18 6451037                    /util/java/jdk1.8.0_31/lib/amd64/jli/libjli.so
2b25b6b97000-2b25b6d96000 ---p 00015000 00:18 6451037                    /util/java/jdk1.8.0_31/lib/amd64/jli/libjli.so
2b25b6d96000-2b25b6d97000 rw-p 00014000 00:18 6451037                    /util/java/jdk1.8.0_31/lib/amd64/jli/libjli.so
2b25b6d97000-2b25b6d9a000 rw-p 2b25b6d97000 00:00 0 
2b25b6d9a000-2b25b7a08000 r-xp 00000000 00:18 2659169                    /util/java/jdk1.8.0_31/jre/lib/amd64/server/libjvm.so
2b25b7a08000-2b25b7c07000 ---p 00c6e000 00:18 2659169                    /util/java/jdk1.8.0_31/jre/lib/amd64/server/libjvm.so
2b25b7c07000-2b25b7cdd000 rw-p 00c6d000 00:18 2659169                    /util/java/jdk1.8.0_31/jre/lib/amd64/server/libjvm.so
2b25b7cdd000-2b25b7d20000 rw-p 2b25b7cdd000 00:00 0 
7fff38b79000-7fff38b8e000 rw-p 7ffffffe9000 00:00 0                      [stack]
7fff38bfd000-7fff38c00000 r-xp 7fff38bfd000 00:00 0                      [vdso]
ffffffffff600000-ffffffffffe00000 ---p 00000000 00:00 0                  [vsyscall]

VM Arguments:
jvm_args: -Dfile.encoding=UTF-8 
java_command: project.Driver Steven Mike Norbert
java_class_path (initial): /home/csdue/mjmcguir/workspace/Group Project/bin:/home/csdue/mjmcguir/workspace/Group Project/forms-1.3.0.jar:/home/csdue/mjmcguir/workspace/Group Project/miglayout15-swing.jar:/util/eclipse-4.4/plugins/org.junit_4.11.0.v201303080030/junit.jar:/util/eclipse-4.4/plugins/org.hamcrest.core_1.3.0.v201303031735.jar
Launcher Type: SUN_STANDARD

Environment Variables:
PATH=/usr/bin:/util/bin:/usr/bin:/usr/lib64/qt-3.3/bin:/util/bin:/usr/kerberos/bin:/usr/local/bin:/usr/bin:/bin:/usr/X11R6/bin:/util/eclipse:/util/eclipse
USERNAME=mjmcguir
LD_LIBRARY_PATH=/usr/lib64/:usr/lib:/util/gcc/lib64/:/util/lib
SHELL=/bin/tcsh
DISPLAY=:17.0
HOSTTYPE=x86_64-linux
OSTYPE=linux
MACHTYPE=x86_64

Signal Handlers:
SIGSEGV: [libjvm.so+0xa7a650], sa_mask[0]=11111111011111111101111111111110, sa_flags=SA_RESTART|SA_SIGINFO
SIGBUS: [libjvm.so+0xa7a650], sa_mask[0]=11111111011111111101111111111110, sa_flags=SA_RESTART|SA_SIGINFO
SIGFPE: [libjvm.so+0x8e28f0], sa_mask[0]=11111111011111111101111111111110, sa_flags=SA_RESTART|SA_SIGINFO
SIGPIPE: [libjvm.so+0x8e28f0], sa_mask[0]=11111111011111111101111111111110, sa_flags=SA_RESTART|SA_SIGINFO
SIGXFSZ: [libjvm.so+0x8e28f0], sa_mask[0]=11111111011111111101111111111110, sa_flags=SA_RESTART|SA_SIGINFO
SIGILL: [libjvm.so+0x8e28f0], sa_mask[0]=11111111011111111101111111111110, sa_flags=SA_RESTART|SA_SIGINFO
SIGUSR1: SIG_DFL, sa_mask[0]=00000000000000000000000000000000, sa_flags=none
SIGUSR2: [libjvm.so+0x8e4120], sa_mask[0]=00100000000000000000000000000000, sa_flags=SA_RESTART|SA_SIGINFO
SIGHUP: SIG_DFL, sa_mask[0]=00000000000000000000000000000000, sa_flags=none
SIGINT: SIG_DFL, sa_mask[0]=00000000000000000000000000000000, sa_flags=none
SIGTERM: SIG_DFL, sa_mask[0]=00000000000000000000000000000000, sa_flags=none
SIGQUIT: SIG_DFL, sa_mask[0]=00000000000000000000000000000000, sa_flags=none


---------------  S Y S T E M  ---------------

OS:Red Hat Enterprise Linux Server release 5.8 (Tikanga)

uname:Linux 2.6.18-308.el5 #1 SMP Fri Jan 27 17:17:51 EST 2012 x86_64
libc:glibc 2.5 NPTL 2.5 
rlimit: STACK 10240k, CORE 0k, NPROC 200, NOFILE 1024, AS infinity
load average:1.43 1.90 2.61

/proc/meminfo:
MemTotal:     65962088 kB
MemFree:      27835448 kB
Buffers:        509072 kB
Cached:        6177484 kB
SwapCached:    2732072 kB
Active:       31486528 kB
Inactive:      4100760 kB
HighTotal:           0 kB
HighFree:            0 kB
LowTotal:     65962088 kB
LowFree:      27835448 kB
SwapTotal:    163839736 kB
SwapFree:     160287308 kB
Dirty:            1028 kB
Writeback:         308 kB
AnonPages:    28424404 kB
Mapped:         390404 kB
Slab:          1127984 kB
PageTables:    1122508 kB
NFS_Unstable:        0 kB
Bounce:              0 kB
CommitLimit:  196820780 kB
Committed_AS: 72728276 kB
VmallocTotal: 34359738367 kB
VmallocUsed:    344844 kB
VmallocChunk: 34359393507 kB
HugePages_Total:     0
HugePages_Free:      0
HugePages_Rsvd:      0
Hugepagesize:     2048 kB


CPU:total 24 (6 cores per cpu, 2 threads per core) family 6 model 45 stepping 7, cmov, cx8, fxsr, mmx, sse, sse2, sse3, ssse3, sse4.1, sse4.2, popcnt, aes, clmul, ht, tsc, tscinvbit, tscinv

/proc/cpuinfo:
processor	: 0
vendor_id	: GenuineIntel
cpu family	: 6
model		: 45
model name	:        Intel(R) Xeon(R) CPU E5-2640 0 @ 2.50GHz
stepping	: 7
cpu MHz		: 2500.092
cache size	: 15360 KB
physical id	: 0
siblings	: 12
core id		: 0
cpu cores	: 6
apicid		: 0
fpu		: yes
fpu_exception	: yes
cpuid level	: 13
wp		: yes
flags		: fpu vme de pse tsc msr pae mce cx8 apic sep mtrr pge mca cmov pat pse36 clflush dts acpi mmx fxsr sse sse2 ss ht tm syscall nx pdpe1gb rdtscp lm constant_tsc ida nonstop_tsc arat pni monitor ds_cpl vmx smx est tm2 ssse3 cx16 xtpr sse4_1 sse4_2 popcnt lahf_lm
bogomips	: 5000.18
clflush size	: 64
cache_alignment	: 64
address sizes	: 46 bits physical, 48 bits virtual
power management: [8]

processor	: 1
vendor_id	: GenuineIntel
cpu family	: 6
model		: 45
model name	:        Intel(R) Xeon(R) CPU E5-2640 0 @ 2.50GHz
stepping	: 7
cpu MHz		: 2500.092
cache size	: 15360 KB
physical id	: 1
siblings	: 12
core id		: 0
cpu cores	: 6
apicid		: 32
fpu		: yes
fpu_exception	: yes
cpuid level	: 13
wp		: yes
flags		: fpu vme de pse tsc msr pae mce cx8 apic sep mtrr pge mca cmov pat pse36 clflush dts acpi mmx fxsr sse sse2 ss ht tm syscall nx pdpe1gb rdtscp lm constant_tsc ida nonstop_tsc arat pni monitor ds_cpl vmx smx est tm2 ssse3 cx16 xtpr sse4_1 sse4_2 popcnt lahf_lm
bogomips	: 5000.15
clflush size	: 64
cache_alignment	: 64
address sizes	: 46 bits physical, 48 bits virtual
power management: [8]

processor	: 2
vendor_id	: GenuineIntel
cpu family	: 6
model		: 45
model name	:        Intel(R) Xeon(R) CPU E5-2640 0 @ 2.50GHz
stepping	: 7
cpu MHz		: 2500.092
cache size	: 15360 KB
physical id	: 0
siblings	: 12
core id		: 1
cpu cores	: 6
apicid		: 2
fpu		: yes
fpu_exception	: yes
cpuid level	: 13
wp		: yes
flags		: fpu vme de pse tsc msr pae mce cx8 apic sep mtrr pge mca cmov pat pse36 clflush dts acpi mmx fxsr sse sse2 ss ht tm syscall nx pdpe1gb rdtscp lm constant_tsc ida nonstop_tsc arat pni monitor ds_cpl vmx smx est tm2 ssse3 cx16 xtpr sse4_1 sse4_2 popcnt lahf_lm
bogomips	: 4999.99
clflush size	: 64
cache_alignment	: 64
address sizes	: 46 bits physical, 48 bits virtual
power management: [8]

processor	: 3
vendor_id	: GenuineIntel
cpu family	: 6
model		: 45
model name	:        Intel(R) Xeon(R) CPU E5-2640 0 @ 2.50GHz
stepping	: 7
cpu MHz		: 2500.092
cache size	: 15360 KB
physical id	: 1
siblings	: 12
core id		: 1
cpu cores	: 6
apicid		: 34
fpu		: yes
fpu_exception	: yes
cpuid level	: 13
wp		: yes
flags		: fpu vme de pse tsc msr pae mce cx8 apic sep mtrr pge mca cmov pat pse36 clflush dts acpi mmx fxsr sse sse2 ss ht tm syscall nx pdpe1gb rdtscp lm constant_tsc ida nonstop_tsc arat pni monitor ds_cpl vmx smx est tm2 ssse3 cx16 xtpr sse4_1 sse4_2 popcnt lahf_lm
bogomips	: 5000.09
clflush size	: 64
cache_alignment	: 64
address sizes	: 46 bits physical, 48 bits virtual
power management: [8]

processor	: 4
vendor_id	: GenuineIntel
cpu family	: 6
model		: 45
model name	:        Intel(R) Xeon(R) CPU E5-2640 0 @ 2.50GHz
stepping	: 7
cpu MHz		: 2500.092
cache size	: 15360 KB
physical id	: 0
siblings	: 12
core id		: 2
cpu cores	: 6
apicid		: 4
fpu		: yes
fpu_exception	: yes
cpuid level	: 13
wp		: yes
flags		: fpu vme de pse tsc msr pae mce cx8 apic sep mtrr pge mca cmov pat pse36 clflush dts acpi mmx fxsr sse sse2 ss ht tm syscall nx pdpe1gb rdtscp lm constant_tsc ida nonstop_tsc arat pni monitor ds_cpl vmx smx est tm2 ssse3 cx16 xtpr sse4_1 sse4_2 popcnt lahf_lm
bogomips	: 4999.97
clflush size	: 64
cache_alignment	: 64
address sizes	: 46 bits physical, 48 bits virtual
power management: [8]

processor	: 5
vendor_id	: GenuineIntel
cpu family	: 6
model		: 45
model name	:        Intel(R) Xeon(R) CPU E5-2640 0 @ 2.50GHz
stepping	: 7
cpu MHz		: 2500.092
cache size	: 15360 KB
physical id	: 1
siblings	: 12
core id		: 2
cpu cores	: 6
apicid		: 36
fpu		: yes
fpu_exception	: yes
cpuid level	: 13
wp		: yes
flags		: fpu vme de pse tsc msr pae mce cx8 apic sep mtrr pge mca cmov pat pse36 clflush dts acpi mmx fxsr sse sse2 ss ht tm syscall nx pdpe1gb rdtscp lm constant_tsc ida nonstop_tsc arat pni monitor ds_cpl vmx smx est tm2 ssse3 cx16 xtpr sse4_1 sse4_2 popcnt lahf_lm
bogomips	: 5000.03
clflush size	: 64
cache_alignment	: 64
address sizes	: 46 bits physical, 48 bits virtual
power management: [8]

processor	: 6
vendor_id	: GenuineIntel
cpu family	: 6
model		: 45
model name	:        Intel(R) Xeon(R) CPU E5-2640 0 @ 2.50GHz
stepping	: 7
cpu MHz		: 2500.092
cache size	: 15360 KB
physical id	: 0
siblings	: 12
core id		: 3
cpu cores	: 6
apicid		: 6
fpu		: yes
fpu_exception	: yes
cpuid level	: 13
wp		: yes
flags		: fpu vme de pse tsc msr pae mce cx8 apic sep mtrr pge mca cmov pat pse36 clflush dts acpi mmx fxsr sse sse2 ss ht tm syscall nx pdpe1gb rdtscp lm constant_tsc ida nonstop_tsc arat pni monitor ds_cpl vmx smx est tm2 ssse3 cx16 xtpr sse4_1 sse4_2 popcnt lahf_lm
bogomips	: 5000.16
clflush size	: 64
cache_alignment	: 64
address sizes	: 46 bits physical, 48 bits virtual
power management: [8]

processor	: 7
vendor_id	: GenuineIntel
cpu family	: 6
model		: 45
model name	:        Intel(R) Xeon(R) CPU E5-2640 0 @ 2.50GHz
stepping	: 7
cpu MHz		: 2500.092
cache size	: 15360 KB
physical id	: 1
siblings	: 12
core id		: 3
cpu cores	: 6
apicid		: 38
fpu		: yes
fpu_exception	: yes
cpuid level	: 13
wp		: yes
flags		: fpu vme de pse tsc msr pae mce cx8 apic sep mtrr pge mca cmov pat pse36 clflush dts acpi mmx fxsr sse sse2 ss ht tm syscall nx pdpe1gb rdtscp lm constant_tsc ida nonstop_tsc arat pni monitor ds_cpl vmx smx est tm2 ssse3 cx16 xtpr sse4_1 sse4_2 popcnt lahf_lm
bogomips	: 5000.06
clflush size	: 64
cache_alignment	: 64
address sizes	: 46 bits physical, 48 bits virtual
power management: [8]

processor	: 8
vendor_id	: GenuineIntel
cpu family	: 6
model		: 45
model name	:        Intel(R) Xeon(R) CPU E5-2640 0 @ 2.50GHz
stepping	: 7
cpu MHz		: 2500.092
cache size	: 15360 KB
physical id	: 0
siblings	: 12
core id		: 4
cpu cores	: 6
apicid		: 8
fpu		: yes
fpu_exception	: yes
cpuid level	: 13
wp		: yes
flags		: fpu vme de pse tsc msr pae mce cx8 apic sep mtrr pge mca cmov pat pse36 clflush dts acpi mmx fxsr sse sse2 ss ht tm syscall nx pdpe1gb rdtscp lm constant_tsc ida nonstop_tsc arat pni monitor ds_cpl vmx smx est tm2 ssse3 cx16 xtpr sse4_1 sse4_2 popcnt lahf_lm
bogomips	: 4999.99
clflush size	: 64
cache_alignment	: 64
address sizes	: 46 bits physical, 48 bits virtual
power management: [8]

processor	: 9
vendor_id	: GenuineIntel
cpu family	: 6
model		: 45
model name	:        Intel(R) Xeon(R) CPU E5-2640 0 @ 2.50GHz
stepping	: 7
cpu MHz		: 2500.092
cache size	: 15360 KB
physical id	: 1
siblings	: 12
core id		: 4
cpu cores	: 6
apicid		: 40
fpu		: yes
fpu_exception	: yes
cpuid level	: 13
wp		: yes
flags		: fpu vme de pse tsc msr pae mce cx8 apic sep mtrr pge mca cmov pat pse36 clflush dts acpi mmx fxsr sse sse2 ss ht tm syscall nx pdpe1gb rdtscp lm constant_tsc ida nonstop_tsc arat pni monitor ds_cpl vmx smx est tm2 ssse3 cx16 xtpr sse4_1 sse4_2 popcnt lahf_lm
bogomips	: 5000.12
clflush size	: 64
cache_alignment	: 64
address sizes	: 46 bits physical, 48 bits virtual
power management: [8]

processor	: 10
vendor_id	: GenuineIntel
cpu family	: 6
model		: 45
model name	:        Intel(R) Xeon(R) CPU E5-2640 0 @ 2.50GHz
stepping	: 7
cpu MHz		: 2500.092
cache size	: 15360 KB
physical id	: 0
siblings	: 12
core id		: 5
cpu cores	: 6
apicid		: 10
fpu		: yes
fpu_exception	: yes
cpuid level	: 13
wp		: yes
flags		: fpu vme de pse tsc msr pae mce cx8 apic sep mtrr pge mca cmov pat pse36 clflush dts acpi mmx fxsr sse sse2 ss ht tm syscall nx pdpe1gb rdtscp lm constant_tsc ida nonstop_tsc arat pni monitor ds_cpl vmx smx est tm2 ssse3 cx16 xtpr sse4_1 sse4_2 popcnt lahf_lm
bogomips	: 5000.00
clflush size	: 64
cache_alignment	: 64
address sizes	: 46 bits physical, 48 bits virtual
power management: [8]

processor	: 11
vendor_id	: GenuineIntel
cpu family	: 6
model		: 45
model name	:        Intel(R) Xeon(R) CPU E5-2640 0 @ 2.50GHz
stepping	: 7
cpu MHz		: 2500.092
cache size	: 15360 KB
physical id	: 1
siblings	: 12
core id		: 5
cpu cores	: 6
apicid		: 42
fpu		: yes
fpu_exception	: yes
cpuid level	: 13
wp		: yes
flags		: fpu vme de pse tsc msr pae mce cx8 apic sep mtrr pge mca cmov pat pse36 clflush dts acpi mmx fxsr sse sse2 ss ht tm syscall nx pdpe1gb rdtscp lm constant_tsc ida nonstop_tsc arat pni monitor ds_cpl vmx smx est tm2 ssse3 cx16 xtpr sse4_1 sse4_2 popcnt lahf_lm
bogomips	: 5000.03
clflush size	: 64
cache_alignment	: 64
address sizes	: 46 bits physical, 48 bits virtual
power management: [8]

processor	: 12
vendor_id	: GenuineIntel
cpu family	: 6
model		: 45
model name	:        Intel(R) Xeon(R) CPU E5-2640 0 @ 2.50GHz
stepping	: 7
cpu MHz		: 2500.092
cache size	: 15360 KB
physical id	: 0
siblings	: 12
core id		: 0
cpu cores	: 6
apicid		: 1
fpu		: yes
fpu_exception	: yes
cpuid level	: 13
wp		: yes
flags		: fpu vme de pse tsc msr pae mce cx8 apic sep mtrr pge mca cmov pat pse36 clflush dts acpi mmx fxsr sse sse2 ss ht tm syscall nx pdpe1gb rdtscp lm constant_tsc ida nonstop_tsc arat pni monitor ds_cpl vmx smx est tm2 ssse3 cx16 xtpr sse4_1 sse4_2 popcnt lahf_lm
bogomips	: 5000.12
clflush size	: 64
cache_alignment	: 64
address sizes	: 46 bits physical, 48 bits virtual
power management: [8]

processor	: 13
vendor_id	: GenuineIntel
cpu family	: 6
model		: 45
model name	:        Intel(R) Xeon(R) CPU E5-2640 0 @ 2.50GHz
stepping	: 7
cpu MHz		: 2500.092
cache size	: 15360 KB
physical id	: 1
siblings	: 12
core id		: 0
cpu cores	: 6
apicid		: 33
fpu		: yes
fpu_exception	: yes
cpuid level	: 13
wp		: yes
flags		: fpu vme de pse tsc msr pae mce cx8 apic sep mtrr pge mca cmov pat pse36 clflush dts acpi mmx fxsr sse sse2 ss ht tm syscall nx pdpe1gb rdtscp lm constant_tsc ida nonstop_tsc arat pni monitor ds_cpl vmx smx est tm2 ssse3 cx16 xtpr sse4_1 sse4_2 popcnt lahf_lm
bogomips	: 4999.99
clflush size	: 64
cache_alignment	: 64
address sizes	: 46 bits physical, 48 bits virtual
power management: [8]

processor	: 14
vendor_id	: GenuineIntel
cpu family	: 6
model		: 45
model name	:        Intel(R) Xeon(R) CPU E5-2640 0 @ 2.50GHz
stepping	: 7
cpu MHz		: 2500.092
cache size	: 15360 KB
physical id	: 0
siblings	: 12
core id		: 1
cpu cores	: 6
apicid		: 3
fpu		: yes
fpu_exception	: yes
cpuid level	: 13
wp		: yes
flags		: fpu vme de pse tsc msr pae mce cx8 apic sep mtrr pge mca cmov pat pse36 clflush dts acpi mmx fxsr sse sse2 ss ht tm syscall nx pdpe1gb rdtscp lm constant_tsc ida nonstop_tsc arat pni monitor ds_cpl vmx smx est tm2 ssse3 cx16 xtpr sse4_1 sse4_2 popcnt lahf_lm
bogomips	: 5000.02
clflush size	: 64
cache_alignment	: 64
address sizes	: 46 bits physical, 48 bits virtual
power management: [8]

processor	: 15
vendor_id	: GenuineIntel
cpu family	: 6
model		: 45
model name	:        Intel(R) Xeon(R) CPU E5-2640 0 @ 2.50GHz
stepping	: 7
cpu MHz		: 2500.092
cache size	: 15360 KB
physical id	: 1
siblings	: 12
core id		: 1
cpu cores	: 6
apicid		: 35
fpu		: yes
fpu_exception	: yes
cpuid level	: 13
wp		: yes
flags		: fpu vme de pse tsc msr pae mce cx8 apic sep mtrr pge mca cmov pat pse36 clflush dts acpi mmx fxsr sse sse2 ss ht tm syscall nx pdpe1gb rdtscp lm constant_tsc ida nonstop_tsc arat pni monitor ds_cpl vmx smx est tm2 ssse3 cx16 xtpr sse4_1 sse4_2 popcnt lahf_lm
bogomips	: 5000.10
clflush size	: 64
cache_alignment	: 64
address sizes	: 46 bits physical, 48 bits virtual
power management: [8]

processor	: 16
vendor_id	: GenuineIntel
cpu family	: 6
model		: 45
model name	:        Intel(R) Xeon(R) CPU E5-2640 0 @ 2.50GHz
stepping	: 7
cpu MHz		: 2500.092
cache size	: 15360 KB
physical id	: 0
siblings	: 12
core id		: 2
cpu cores	: 6
apicid		: 5
fpu		: yes
fpu_exception	: yes
cpuid level	: 13
wp		: yes
flags		: fpu vme de pse tsc msr pae mce cx8 apic sep mtrr pge mca cmov pat pse36 clflush dts acpi mmx fxsr sse sse2 ss ht tm syscall nx pdpe1gb rdtscp lm constant_tsc ida nonstop_tsc arat pni monitor ds_cpl vmx smx est tm2 ssse3 cx16 xtpr sse4_1 sse4_2 popcnt lahf_lm
bogomips	: 5000.07
clflush size	: 64
cache_alignment	: 64
address sizes	: 46 bits physical, 48 bits virtual
power management: [8]

processor	: 17
vendor_id	: GenuineIntel
cpu family	: 6
model		: 45
model name	:        Intel(R) Xeon(R) CPU E5-2640 0 @ 2.50GHz
stepping	: 7
cpu MHz		: 2500.092
cache size	: 15360 KB
physical id	: 1
siblings	: 12
core id		: 2
cpu cores	: 6
apicid		: 37
fpu		: yes
fpu_exception	: yes
cpuid level	: 13
wp		: yes
flags		: fpu vme de pse tsc msr pae mce cx8 apic sep mtrr pge mca cmov pat pse36 clflush dts acpi mmx fxsr sse sse2 ss ht tm syscall nx pdpe1gb rdtscp lm constant_tsc ida nonstop_tsc arat pni monitor ds_cpl vmx smx est tm2 ssse3 cx16 xtpr sse4_1 sse4_2 popcnt lahf_lm
bogomips	: 5000.05
clflush size	: 64
cache_alignment	: 64
address sizes	: 46 bits physical, 48 bits virtual
power management: [8]

processor	: 18
vendor_id	: GenuineIntel
cpu family	: 6
model		: 45
model name	:        Intel(R) Xeon(R) CPU E5-2640 0 @ 2.50GHz
stepping	: 7
cpu MHz		: 2500.092
cache size	: 15360 KB
physical id	: 0
siblings	: 12
core id		: 3
cpu cores	: 6
apicid		: 7
fpu		: yes
fpu_exception	: yes
cpuid level	: 13
wp		: yes
flags		: fpu vme de pse tsc msr pae mce cx8 apic sep mtrr pge mca cmov pat pse36 clflush dts acpi mmx fxsr sse sse2 ss ht tm syscall nx pdpe1gb rdtscp lm constant_tsc ida nonstop_tsc arat pni monitor ds_cpl vmx smx est tm2 ssse3 cx16 xtpr sse4_1 sse4_2 popcnt lahf_lm
bogomips	: 5000.14
clflush size	: 64
cache_alignment	: 64
address sizes	: 46 bits physical, 48 bits virtual
power management: [8]

processor	: 19
vendor_id	: GenuineIntel
cpu family	: 6
model		: 45
model name	:        Intel(R) Xeon(R) CPU E5-2640 0 @ 2.50GHz
stepping	: 7
cpu MHz		: 2500.092
cache size	: 15360 KB
physical id	: 1
siblings	: 12
core id		: 3
cpu cores	: 6
apicid		: 39
fpu		: yes
fpu_exception	: yes
cpuid level	: 13
wp		: yes
flags		: fpu vme de pse tsc msr pae mce cx8 apic sep mtrr pge mca cmov pat pse36 clflush dts acpi mmx fxsr sse sse2 ss ht tm syscall nx pdpe1gb rdtscp lm constant_tsc ida nonstop_tsc arat pni monitor ds_cpl vmx smx est tm2 ssse3 cx16 xtpr sse4_1 sse4_2 popcnt lahf_lm
bogomips	: 5000.04
clflush size	: 64
cache_alignment	: 64
address sizes	: 46 bits physical, 48 bits virtual
power management: [8]

processor	: 20
vendor_id	: GenuineIntel
cpu family	: 6
model		: 45
model name	:        Intel(R) Xeon(R) CPU E5-2640 0 @ 2.50GHz
stepping	: 7
cpu MHz		: 2500.092
cache size	: 15360 KB
physical id	: 0
siblings	: 12
core id		: 4
cpu cores	: 6
apicid		: 9
fpu		: yes
fpu_exception	: yes
cpuid level	: 13
wp		: yes
flags		: fpu vme de pse tsc msr pae mce cx8 apic sep mtrr pge mca cmov pat pse36 clflush dts acpi mmx fxsr sse sse2 ss ht tm syscall nx pdpe1gb rdtscp lm constant_tsc ida nonstop_tsc arat pni monitor ds_cpl vmx smx est tm2 ssse3 cx16 xtpr sse4_1 sse4_2 popcnt lahf_lm
bogomips	: 4999.99
clflush size	: 64
cache_alignment	: 64
address sizes	: 46 bits physical, 48 bits virtual
power management: [8]

processor	: 21
vendor_id	: GenuineIntel
cpu family	: 6
model		: 45
model name	:        Intel(R) Xeon(R) CPU E5-2640 0 @ 2.50GHz
stepping	: 7
cpu MHz		: 2500.092
cache size	: 15360 KB
physical id	: 1
siblings	: 12
core id		: 4
cpu cores	: 6
apicid		: 41
fpu		: yes
fpu_exception	: yes
cpuid level	: 13
wp		: yes
flags		: fpu vme de pse tsc msr pae mce cx8 apic sep mtrr pge mca cmov pat pse36 clflush dts acpi mmx fxsr sse sse2 ss ht tm syscall nx pdpe1gb rdtscp lm constant_tsc ida nonstop_tsc arat pni monitor ds_cpl vmx smx est tm2 ssse3 cx16 xtpr sse4_1 sse4_2 popcnt lahf_lm
bogomips	: 5000.11
clflush size	: 64
cache_alignment	: 64
address sizes	: 46 bits physical, 48 bits virtual
power management: [8]

processor	: 22
vendor_id	: GenuineIntel
cpu family	: 6
model		: 45
model name	:        Intel(R) Xeon(R) CPU E5-2640 0 @ 2.50GHz
stepping	: 7
cpu MHz		: 2500.092
cache size	: 15360 KB
physical id	: 0
siblings	: 12
core id		: 5
cpu cores	: 6
apicid		: 11
fpu		: yes
fpu_exception	: yes
cpuid level	: 13
wp		: yes
flags		: fpu vme de pse tsc msr pae mce cx8 apic sep mtrr pge mca cmov pat pse36 clflush dts acpi mmx fxsr sse sse2 ss ht tm syscall nx pdpe1gb rdtscp lm constant_tsc ida nonstop_tsc arat pni monitor ds_cpl vmx smx est tm2 ssse3 cx16 xtpr sse4_1 sse4_2 popcnt lahf_lm
bogomips	: 4999.99
clflush size	: 64
cache_alignment	: 64
address sizes	: 46 bits physical, 48 bits virtual
power management: [8]

processor	: 23
vendor_id	: GenuineIntel
cpu family	: 6
model		: 45
model name	:        Intel(R) Xeon(R) CPU E5-2640 0 @ 2.50GHz
stepping	: 7
cpu MHz		: 2500.092
cache size	: 15360 KB
physical id	: 1
siblings	: 12
core id		: 5
cpu cores	: 6
apicid		: 43
fpu		: yes
fpu_exception	: yes
cpuid level	: 13
wp		: yes
flags		: fpu vme de pse tsc msr pae mce cx8 apic sep mtrr pge mca cmov pat pse36 clflush dts acpi mmx fxsr sse sse2 ss ht tm syscall nx pdpe1gb rdtscp lm constant_tsc ida nonstop_tsc arat pni monitor ds_cpl vmx smx est tm2 ssse3 cx16 xtpr sse4_1 sse4_2 popcnt lahf_lm
bogomips	: 5000.02
clflush size	: 64
cache_alignment	: 64
address sizes	: 46 bits physical, 48 bits virtual
power management: [8]



Memory: 4k page, physical 65962088k(27835448k free), swap 163839736k(160287308k free)

vm_info: Java HotSpot(TM) 64-Bit Server VM (25.31-b07) for linux-amd64 JRE (1.8.0_31-b13), built on Dec 17 2014 20:40:15 by "java_re" with gcc 4.3.0 20080428 (Red Hat 4.3.0-8)

time: Sat Apr 11 13:52:38 2015
elapsed time: 0 seconds (0d 0h 0m 0s)

